Running: C:\Xilinx\14.7\ISE_DS\ISE\bin\nt64\unwrapped\fuse.exe -incremental test.test_mov_10 -L unisims_ver -L unimacro_ver -L xilinxcorelib_ver -L tester=..\..\lib\tester -L test=..\..\lib\tests\mov_10 -L reference=..\..\lib\reference -L uut=..\..\lib\uut -o tester.exe 
ISim P.20131013 (signature 0x7708f090)
Number of CPUs detected in this system: 8
Turning on mult-threading, number of parallel sub-compilation jobs: 16 
Starting static elaboration
Completed static elaboration
Compiling module register(width=16)
Compiling module alu(width=16)
Compiling module ram
Compiling module registers(width=16)
Compiling module bus(width=16)
Compiling module uc(word_width=16)
Compiling module calc_didactic
Compiling module ref_register(width=16)
Compiling module ref_alu(width=16)
Compiling module ref_ram
Compiling module ref_registers(width=16)
Compiling module ref_bus(width=16)
Compiling module ref_uc(word_width=16)
Compiling module ref_calc_didactic
Compiling module tester
Compiling module test_mov_10
Time Resolution for simulation is 1ps.
Waiting for 1 sub-compilation(s) to finish...
Compiled 16 Verilog Units
Built simulation executable tester.exe
Fuse Memory Usage: 29968 KB
Fuse CPU Usage: 359 ms
