ISim log file
Running: tester.exe -intstyle ise -tclbatch ..\..\..\scripts\console.tcl 
ISim P.20131013 (signature 0x7708f090)
WARNING: A WEBPACK license was found.
WARNING: Please use Xilinx License Configuration Manager to check out a full ISim license.
WARNING: ISim will run in Lite mode. Please refer to the ISim documentation for more information on the differences between the Lite and the Full version.
This is a Lite version of ISim.
Time resolution is 1 ps
# onerror resume
# wave add /
# run 10 ms
Simulator is doing circuit initialization process.
Finished circuit initialization process.
--------------------------------------------------------------------------------
instr count: 1, instr addr: 0000, instr: 033a done in 9 cycles
instr count: 2, instr addr: 0001, instr: 933a done in 9 cycles
instr count: 3, instr addr: 0002, instr: 4b3a done in 9 cycles
instr count: 4, instr addr: 0003, instr: db3a done in 9 cycles
instr count: 5, instr addr: 0004, instr: 273a done in 9 cycles
instr count: 6, instr addr: 0005, instr: b73a done in 9 cycles
instr count: 7, instr addr: 0006, instr: 6f3a done in 9 cycles
instr count: 8, instr addr: 0007, instr: ff3a done in 9 cycles
instr count: 9, instr addr: 0008, instr: 0308 done in 9 cycles
instr count: 10, instr addr: 0009, instr: 0318 done in 9 cycles
instr count: 11, instr addr: 000a, instr: 0308 done in 9 cycles
instr count: 12, instr addr: 000b, instr: 8308 done in 19 cycles
instr count: 13, instr addr: 000d, instr: 4308 done in 9 cycles
instr count: 14, instr addr: 000e, instr: 2348 done in 9 cycles
instr count: 15, instr addr: 000f, instr: a348 done in 19 cycles
instr count: 16, instr addr: 0011, instr: 670a done in 9 cycles
instr count: 17, instr addr: 0012, instr: 770a done in 9 cycles
instr count: 18, instr addr: 0013, instr: ef0a done in 19 cycles
instr count: 19, instr addr: 0015, instr: 2180 done in 18 cycles
instr count: 20, instr addr: 0017, instr: 3180 done in 18 cycles
instr count: 21, instr addr: 0019, instr: 2980 done in 18 cycles
instr count: 22, instr addr: 001b, instr: 3980 done in 18 cycles
instr count: 23, instr addr: 001d, instr: 2100 done in 19 cycles
instr count: 24, instr addr: 001f, instr: 3100 done in 19 cycles
instr count: 25, instr addr: 0021, instr: 2900 done in 19 cycles
instr count: 26, instr addr: 0023, instr: 3900 done in 19 cycles
instr count: 27, instr addr: 0025, instr: 2180 done in 18 cycles
instr count: 28, instr addr: 0027, instr: b180 done in 18 cycles
instr count: 29, instr addr: 0029, instr: 6980 done in 18 cycles
instr count: 30, instr addr: 002b, instr: f980 done in 18 cycles
instr count: 31, instr addr: 002d, instr: 2100 done in 19 cycles
instr count: 32, instr addr: 002f, instr: b100 done in 19 cycles
instr count: 33, instr addr: 0031, instr: 6900 done in 19 cycles
instr count: 34, instr addr: 0033, instr: f900 done in 19 cycles
instr count: 35, instr addr: 0035, instr: 1980 done in 20 cycles
instr count: 36, instr addr: 0037, instr: 8980 done in 20 cycles
instr count: 37, instr addr: 0039, instr: 5180 done in 20 cycles
instr count: 38, instr addr: 003b, instr: c180 done in 20 cycles
instr count: 39, instr addr: 003d, instr: 1900 done in 21 cycles
instr count: 40, instr addr: 003f, instr: 8900 done in 21 cycles
instr count: 41, instr addr: 0041, instr: 5100 done in 21 cycles
instr count: 42, instr addr: 0043, instr: c100 done in 21 cycles
test ok
--------------------------------------------------------------------------------
Stopped at time : 452405 ns : File "E:/Facultate/An3/Sem 1/AC/Tema3/tema/build/bin/tester/tester.v" Line 365
