********************************************************************************
**** Running test add_10...
********************************************************************************
ISim P.20131013 (signature 0x7708f090)
WARNING: A WEBPACK license was found.
WARNING: Please use Xilinx License Configuration Manager to check out a full ISim license.
WARNING: ISim will run in Lite mode. Please refer to the ISim documentation for more information on the differences between the Lite and the Full version.
This is a Lite version of ISim.
Time resolution is 1 ps
Simulator is doing circuit initialization process.
Finished circuit initialization process.
--------------------------------------------------------------------------------
instr count: 1, instr addr: 0000, instr: 033a done in 9 cycles
instr count: 2, instr addr: 0001, instr: 933a done in 9 cycles
instr count: 3, instr addr: 0002, instr: 4b3a done in 9 cycles
instr count: 4, instr addr: 0003, instr: db3a done in 9 cycles
instr count: 5, instr addr: 0004, instr: 273a done in 9 cycles
instr count: 6, instr addr: 0005, instr: b73a done in 9 cycles
instr count: 7, instr addr: 0006, instr: 6f3a done in 9 cycles
instr count: 8, instr addr: 0007, instr: ff3a done in 9 cycles
instr count: 9, instr addr: 0008, instr: 2348 done in 9 cycles
instr count: 10, instr addr: 0009, instr: a348 done in 19 cycles
instr count: 11, instr addr: 000b, instr: 670a done in 9 cycles
instr count: 12, instr addr: 000c, instr: 770a done in 9 cycles
instr count: 13, instr addr: 000d, instr: ef0a done in 19 cycles
instr count: 14, instr addr: 000f, instr: 218a done in 18 cycles
instr count: 15, instr addr: 0011, instr: 318a done in 18 cycles
instr count: 16, instr addr: 0013, instr: 298a done in 18 cycles
instr count: 17, instr addr: 0015, instr: 398a done in 18 cycles
instr count: 18, instr addr: 0017, instr: 210a done in 19 cycles
instr count: 19, instr addr: 0019, instr: 310a done in 19 cycles
instr count: 20, instr addr: 001b, instr: 290a done in 19 cycles
instr count: 21, instr addr: 001d, instr: 390a done in 19 cycles
instr count: 22, instr addr: 001f, instr: 218a done in 18 cycles
instr count: 23, instr addr: 0021, instr: b18a done in 18 cycles
instr count: 24, instr addr: 0023, instr: 698a done in 18 cycles
instr count: 25, instr addr: 0025, instr: f98a done in 18 cycles
instr count: 26, instr addr: 0027, instr: 210a done in 19 cycles
instr count: 27, instr addr: 0029, instr: b10a done in 19 cycles
instr count: 28, instr addr: 002b, instr: 690a done in 19 cycles
instr count: 29, instr addr: 002d, instr: f90a done in 19 cycles
instr count: 30, instr addr: 002f, instr: 198a done in 20 cycles
instr count: 31, instr addr: 0031, instr: 898a done in 20 cycles
instr count: 32, instr addr: 0033, instr: 518a done in 20 cycles
instr count: 33, instr addr: 0035, instr: c18a done in 20 cycles
instr count: 34, instr addr: 0037, instr: 190a done in 21 cycles
instr count: 35, instr addr: 0039, instr: 890a done in 21 cycles
instr count: 36, instr addr: 003b, instr: 510a done in 21 cycles
instr count: 37, instr addr: 003d, instr: c10a done in 21 cycles
test ok
--------------------------------------------------------------------------------
Stopped at time : 399925 ns : File "E:/Facultate/An3/Sem 1/AC/Tema3/tema/build/bin/tester/tester.v" Line 365
********************************************************************************
**** Running test add_immediate...
********************************************************************************
ISim P.20131013 (signature 0x7708f090)
WARNING: A WEBPACK license was found.
WARNING: Please use Xilinx License Configuration Manager to check out a full ISim license.
WARNING: ISim will run in Lite mode. Please refer to the ISim documentation for more information on the differences between the Lite and the Full version.
This is a Lite version of ISim.
Time resolution is 1 ps
Simulator is doing circuit initialization process.
Finished circuit initialization process.
--------------------------------------------------------------------------------
instr count: 1, instr addr: 0000, instr: 033a done in 9 cycles
instr count: 2, instr addr: 0001, instr: 933a done in 9 cycles
instr count: 3, instr addr: 0002, instr: 4b3a done in 9 cycles
instr count: 4, instr addr: 0003, instr: db3a done in 9 cycles
instr count: 5, instr addr: 0004, instr: 273a done in 9 cycles
instr count: 6, instr addr: 0005, instr: b73a done in 9 cycles
instr count: 7, instr addr: 0006, instr: 6f3a done in 9 cycles
instr count: 8, instr addr: 0007, instr: ff3a done in 9 cycles
instr count: 9, instr addr: 0008, instr: 2348 done in 9 cycles
instr count: 10, instr addr: 0009, instr: a348 done in 19 cycles
instr count: 11, instr addr: 000b, instr: 670a done in 9 cycles
instr count: 12, instr addr: 000c, instr: 770a done in 9 cycles
instr count: 13, instr addr: 000d, instr: ef0a done in 19 cycles
instr count: 14, instr addr: 000f, instr: 030e done in 13 cycles
instr count: 15, instr addr: 0011, instr: 830e done in 13 cycles
instr count: 16, instr addr: 0013, instr: 430e done in 13 cycles
instr count: 17, instr addr: 0015, instr: c30e done in 13 cycles
instr count: 18, instr addr: 0017, instr: 200e done in 17 cycles
instr count: 19, instr addr: 0019, instr: e00e done in 17 cycles
instr count: 20, instr addr: 001b, instr: 800e done in 19 cycles
instr count: 21, instr addr: 001d, instr: 400e done in 19 cycles
instr count: 22, instr addr: 001f, instr: a10e done in 23 cycles
instr count: 23, instr addr: 0022, instr: 610e done in 23 cycles
instr count: 24, instr addr: 0025, instr: 010e done in 25 cycles
instr count: 25, instr addr: 0028, instr: c10e done in 25 cycles
test ok
--------------------------------------------------------------------------------
Stopped at time : 273285 ns : File "E:/Facultate/An3/Sem 1/AC/Tema3/tema/build/bin/tester/tester.v" Line 365
********************************************************************************
**** Running test call_bonus...
********************************************************************************
ISim P.20131013 (signature 0x7708f090)
WARNING: A WEBPACK license was found.
WARNING: Please use Xilinx License Configuration Manager to check out a full ISim license.
WARNING: ISim will run in Lite mode. Please refer to the ISim documentation for more information on the differences between the Lite and the Full version.
This is a Lite version of ISim.
Time resolution is 1 ps
Simulator is doing circuit initialization process.
Finished circuit initialization process.
--------------------------------------------------------------------------------
instr count: 1, instr addr: 0000, instr: 2304 done in 13 cycles
instr count: 2, instr addr: 0002, instr: a304 done in 13 cycles
instr count: 3, instr addr: 0004, instr: e304 done in 13 cycles
instr count: 4, instr addr: 0006, instr: 0304 done in 13 cycles
instr count: 5, instr addr: 0008, instr: a880 done in 12 cycles
instr count: 6, instr addr: 0009, instr: 3980 done in 18 cycles
instr count: 7, instr addr: 000b, instr: e110 done in 19 cycles
	CPs diverged: found 000d, expected 0016
		at instr count: 7, instr addr: 000b, instr: e110
	reg 3 differs, found: 0000, expected: ffff
		at instr count: 7, instr addr: 000b, instr: e110
	ram addr 00000016 differs, found: 0000, expected: 41a2
		at instr count: 7, instr addr: 000b, instr: e110
	ram addr 000003ff differs, found: 0000, expected: 000d
		at instr count: 7, instr addr: 000b, instr: e110
--------------------------------------------------------------------------------
Stopped at time : 84005 ns : File "E:/Facultate/An3/Sem 1/AC/Tema3/tema/build/bin/tester/tester.v" Line 365
********************************************************************************
**** Running test inc_10...
********************************************************************************
ISim P.20131013 (signature 0x7708f090)
WARNING: A WEBPACK license was found.
WARNING: Please use Xilinx License Configuration Manager to check out a full ISim license.
WARNING: ISim will run in Lite mode. Please refer to the ISim documentation for more information on the differences between the Lite and the Full version.
This is a Lite version of ISim.
Time resolution is 1 ps
Simulator is doing circuit initialization process.
Finished circuit initialization process.
--------------------------------------------------------------------------------
instr count: 1, instr addr: 0000, instr: 033a done in 9 cycles
instr count: 2, instr addr: 0001, instr: 933a done in 9 cycles
instr count: 3, instr addr: 0002, instr: 4b3a done in 9 cycles
instr count: 4, instr addr: 0003, instr: db3a done in 9 cycles
instr count: 5, instr addr: 0004, instr: 273a done in 9 cycles
instr count: 6, instr addr: 0005, instr: b73a done in 9 cycles
instr count: 7, instr addr: 0006, instr: 6f3a done in 9 cycles
instr count: 8, instr addr: 0007, instr: ff3a done in 9 cycles
instr count: 9, instr addr: 0008, instr: 2348 done in 9 cycles
instr count: 10, instr addr: 0009, instr: a348 done in 19 cycles
instr count: 11, instr addr: 000b, instr: 670a done in 9 cycles
instr count: 12, instr addr: 000c, instr: 770a done in 9 cycles
instr count: 13, instr addr: 000d, instr: ef0a done in 19 cycles
instr count: 14, instr addr: 000f, instr: 2108 done in 109 cycles
instr count: 15, instr addr: 0019, instr: a108 done in 21 cycles
instr count: 16, instr addr: 001b, instr: 6108 done in 21 cycles
instr count: 17, instr addr: 001d, instr: e108 done in 21 cycles
instr count: 18, instr addr: 001f, instr: 0108 done in 23 cycles
instr count: 19, instr addr: 0021, instr: 8108 done in 23 cycles
instr count: 20, instr addr: 0023, instr: 4108 done in 23 cycles
instr count: 21, instr addr: 0025, instr: c108 done in 23 cycles
test ok
--------------------------------------------------------------------------------
Stopped at time : 232245 ns : File "E:/Facultate/An3/Sem 1/AC/Tema3/tema/build/bin/tester/tester.v" Line 365
********************************************************************************
**** Running test jcond...
********************************************************************************
ISim P.20131013 (signature 0x7708f090)
WARNING: A WEBPACK license was found.
WARNING: Please use Xilinx License Configuration Manager to check out a full ISim license.
WARNING: ISim will run in Lite mode. Please refer to the ISim documentation for more information on the differences between the Lite and the Full version.
This is a Lite version of ISim.
Time resolution is 1 ps
Simulator is doing circuit initialization process.
Finished circuit initialization process.
--------------------------------------------------------------------------------
instr count: 1, instr addr: 0000, instr: 033a done in 9 cycles
instr count: 2, instr addr: 0001, instr: 933a done in 9 cycles
instr count: 3, instr addr: 0002, instr: 4b3a done in 9 cycles
instr count: 4, instr addr: 0003, instr: db3a done in 9 cycles
instr count: 5, instr addr: 0004, instr: 273a done in 9 cycles
instr count: 6, instr addr: 0005, instr: b73a done in 9 cycles
instr count: 7, instr addr: 0006, instr: 6f3a done in 9 cycles
instr count: 8, instr addr: 0007, instr: ff3a done in 9 cycles
instr count: 9, instr addr: 0008, instr: 0308 done in 9 cycles
instr count: 10, instr addr: 0009, instr: 0318 done in 9 cycles
instr count: 11, instr addr: 000a, instr: 0308 done in 9 cycles
instr count: 12, instr addr: 000b, instr: 8308 done in 19 cycles
instr count: 13, instr addr: 000d, instr: 4308 done in 9 cycles
instr count: 14, instr addr: 000e, instr: 2348 done in 9 cycles
instr count: 15, instr addr: 000f, instr: a348 done in 19 cycles
instr count: 16, instr addr: 0011, instr: 670a done in 9 cycles
instr count: 17, instr addr: 0012, instr: 770a done in 9 cycles
instr count: 18, instr addr: 0013, instr: ef0a done in 19 cycles
instr count: 19, instr addr: 0015, instr: 2358 done in 9 cycles
instr count: 20, instr addr: 0016, instr: 4b22 done in 8 cycles
instr count: 21, instr addr: 0017, instr: 4019 done in 9 cycles
instr count: 22, instr addr: 0018, instr: 4009 done in 10 cycles
instr count: 23, instr addr: 001a, instr: 5322 done in 8 cycles
instr count: 24, instr addr: 001b, instr: 4099 done in 9 cycles
instr count: 25, instr addr: 001c, instr: 4089 done in 10 cycles
instr count: 26, instr addr: 001e, instr: 6f22 done in 8 cycles
instr count: 27, instr addr: 001f, instr: 4059 done in 9 cycles
instr count: 28, instr addr: 0020, instr: 4049 done in 10 cycles
instr count: 29, instr addr: 0022, instr: 7722 done in 8 cycles
instr count: 30, instr addr: 0023, instr: 40d9 done in 9 cycles
instr count: 31, instr addr: 0024, instr: 40c9 done in 10 cycles
instr count: 32, instr addr: 0026, instr: 4b22 done in 8 cycles
instr count: 33, instr addr: 0027, instr: 4039 done in 9 cycles
instr count: 34, instr addr: 0028, instr: 4029 done in 10 cycles
instr count: 35, instr addr: 002a, instr: 270a done in 9 cycles
instr count: 36, instr addr: 002b, instr: 40b9 done in 9 cycles
instr count: 37, instr addr: 002c, instr: 40a9 done in 10 cycles
instr count: 38, instr addr: 002e, instr: b712 done in 8 cycles
instr count: 39, instr addr: 002f, instr: 4079 done in 9 cycles
instr count: 40, instr addr: 0030, instr: 4069 done in 10 cycles
instr count: 41, instr addr: 0032, instr: 0312 done in 8 cycles
instr count: 42, instr addr: 0033, instr: 40f9 done in 9 cycles
instr count: 43, instr addr: 0034, instr: 40e9 done in 10 cycles
instr count: 44, instr addr: 0036, instr: 8b22 done in 8 cycles
instr count: 45, instr addr: 0037, instr: 4009 done in 9 cycles
instr count: 46, instr addr: 0038, instr: 4019 done in 10 cycles
instr count: 47, instr addr: 003a, instr: 4b22 done in 8 cycles
instr count: 48, instr addr: 003b, instr: 4089 done in 9 cycles
instr count: 49, instr addr: 003c, instr: 4099 done in 10 cycles
instr count: 50, instr addr: 003e, instr: af22 done in 8 cycles
instr count: 51, instr addr: 003f, instr: 4049 done in 9 cycles
instr count: 52, instr addr: 0040, instr: 4059 done in 10 cycles
instr count: 53, instr addr: 0042, instr: 6f22 done in 8 cycles
instr count: 54, instr addr: 0043, instr: 40c9 done in 9 cycles
instr count: 55, instr addr: 0044, instr: 40d9 done in 10 cycles
instr count: 56, instr addr: 0046, instr: 5322 done in 8 cycles
instr count: 57, instr addr: 0047, instr: 4029 done in 9 cycles
instr count: 58, instr addr: 0048, instr: 4039 done in 10 cycles
instr count: 59, instr addr: 004a, instr: 270a done in 9 cycles
instr count: 60, instr addr: 004b, instr: 40a9 done in 9 cycles
instr count: 61, instr addr: 004c, instr: 40b9 done in 10 cycles
instr count: 62, instr addr: 004e, instr: 4b12 done in 8 cycles
instr count: 63, instr addr: 004f, instr: 4069 done in 9 cycles
instr count: 64, instr addr: 0050, instr: 4079 done in 10 cycles
instr count: 65, instr addr: 0052, instr: 9312 done in 8 cycles
instr count: 66, instr addr: 0053, instr: 40e9 done in 9 cycles
instr count: 67, instr addr: 0054, instr: 40f9 done in 10 cycles
test ok
--------------------------------------------------------------------------------
Stopped at time : 711515 ns : File "E:/Facultate/An3/Sem 1/AC/Tema3/tema/build/bin/tester/tester.v" Line 365
********************************************************************************
**** Running test jcond_simple...
********************************************************************************
ISim P.20131013 (signature 0x7708f090)
WARNING: A WEBPACK license was found.
WARNING: Please use Xilinx License Configuration Manager to check out a full ISim license.
WARNING: ISim will run in Lite mode. Please refer to the ISim documentation for more information on the differences between the Lite and the Full version.
This is a Lite version of ISim.
Time resolution is 1 ps
Simulator is doing circuit initialization process.
Finished circuit initialization process.
--------------------------------------------------------------------------------
instr count: 1, instr addr: 0000, instr: 033a done in 9 cycles
instr count: 2, instr addr: 0001, instr: 0308 done in 9 cycles
instr count: 3, instr addr: 0002, instr: 0318 done in 39 cycles
instr count: 4, instr addr: 0006, instr: 0348 done in 9 cycles
instr count: 5, instr addr: 0007, instr: 933a done in 9 cycles
instr count: 6, instr addr: 0008, instr: 4b3a done in 9 cycles
instr count: 7, instr addr: 0009, instr: 273a done in 9 cycles
instr count: 8, instr addr: 000a, instr: b73a done in 9 cycles
instr count: 9, instr addr: 000b, instr: 6f3a done in 9 cycles
instr count: 10, instr addr: 000c, instr: 6308 done in 9 cycles
instr count: 11, instr addr: 000d, instr: ff3a done in 9 cycles
instr count: 12, instr addr: 000e, instr: e308 done in 9 cycles
instr count: 13, instr addr: 000f, instr: 8308 done in 9 cycles
instr count: 14, instr addr: 0010, instr: 0348 done in 9 cycles
instr count: 15, instr addr: 0011, instr: 7f39 done in 7 cycles
instr count: 16, instr addr: 000f, instr: 8308 done in 9 cycles
instr count: 17, instr addr: 0010, instr: 0348 done in 9 cycles
instr count: 18, instr addr: 0011, instr: 7f39 done in 7 cycles
instr count: 19, instr addr: 000f, instr: 8308 done in 9 cycles
instr count: 20, instr addr: 0010, instr: 0348 done in 9 cycles
instr count: 21, instr addr: 0011, instr: 7f39 done in 7 cycles
instr count: 22, instr addr: 000f, instr: 8308 done in 9 cycles
instr count: 23, instr addr: 0010, instr: 0348 done in 9 cycles
instr count: 24, instr addr: 0011, instr: 7f39 done in 7 cycles
instr count: 25, instr addr: 000f, instr: 8308 done in 9 cycles
instr count: 26, instr addr: 0010, instr: 0348 done in 9 cycles
instr count: 27, instr addr: 0011, instr: 7f39 done in 7 cycles
instr count: 28, instr addr: 000f, instr: 8308 done in 9 cycles
instr count: 29, instr addr: 0010, instr: 0348 done in 9 cycles
instr count: 30, instr addr: 0011, instr: 7f39 done in 7 cycles
instr count: 31, instr addr: 000f, instr: 8308 done in 9 cycles
instr count: 32, instr addr: 0010, instr: 0348 done in 9 cycles
instr count: 33, instr addr: 0011, instr: 7f39 done in 7 cycles
instr count: 34, instr addr: 000f, instr: 8308 done in 9 cycles
instr count: 35, instr addr: 0010, instr: 0348 done in 9 cycles
instr count: 36, instr addr: 0011, instr: 7f39 done in 7 cycles
instr count: 37, instr addr: 000f, instr: 8308 done in 9 cycles
instr count: 38, instr addr: 0010, instr: 0348 done in 9 cycles
instr count: 39, instr addr: 0011, instr: 7f39 done in 7 cycles
instr count: 40, instr addr: 000f, instr: 8308 done in 9 cycles
instr count: 41, instr addr: 0010, instr: 0348 done in 9 cycles
instr count: 42, instr addr: 0011, instr: 7f39 done in 7 cycles
instr count: 43, instr addr: 000f, instr: 8308 done in 9 cycles
instr count: 44, instr addr: 0010, instr: 0348 done in 9 cycles
instr count: 45, instr addr: 0011, instr: 7f39 done in 7 cycles
instr count: 46, instr addr: 000f, instr: 8308 done in 9 cycles
instr count: 47, instr addr: 0010, instr: 0348 done in 9 cycles
instr count: 48, instr addr: 0011, instr: 7f39 done in 7 cycles
instr count: 49, instr addr: 000f, instr: 8308 done in 9 cycles
instr count: 50, instr addr: 0010, instr: 0348 done in 9 cycles
instr count: 51, instr addr: 0011, instr: 7f39 done in 7 cycles
instr count: 52, instr addr: 000f, instr: 8308 done in 9 cycles
instr count: 53, instr addr: 0010, instr: 0348 done in 9 cycles
instr count: 54, instr addr: 0011, instr: 7f39 done in 7 cycles
instr count: 55, instr addr: 000f, instr: 8308 done in 9 cycles
instr count: 56, instr addr: 0010, instr: 0348 done in 9 cycles
instr count: 57, instr addr: 0011, instr: 7f39 done in 6 cycles
instr count: 58, instr addr: 0012, instr: e318 done in 9 cycles
instr count: 59, instr addr: 0013, instr: 4308 done in 9 cycles
instr count: 60, instr addr: 0014, instr: 4f12 done in 8 cycles
instr count: 61, instr addr: 0015, instr: 4029 done in 9 cycles
instr count: 62, instr addr: 0016, instr: ab0a done in 9 cycles
instr count: 63, instr addr: 0017, instr: 2b0a done in 9 cycles
instr count: 64, instr addr: 0018, instr: 5322 done in 8 cycles
instr count: 65, instr addr: 0019, instr: 9f89 done in 7 cycles
instr count: 66, instr addr: 0012, instr: e318 done in 9 cycles
instr count: 67, instr addr: 0013, instr: 4308 done in 9 cycles
instr count: 68, instr addr: 0014, instr: 4f12 done in 8 cycles
instr count: 69, instr addr: 0015, instr: 4029 done in 10 cycles
instr count: 70, instr addr: 0017, instr: 2b0a done in 9 cycles
instr count: 71, instr addr: 0018, instr: 5322 done in 8 cycles
instr count: 72, instr addr: 0019, instr: 9f89 done in 7 cycles
instr count: 73, instr addr: 0012, instr: e318 done in 9 cycles
instr count: 74, instr addr: 0013, instr: 4308 done in 9 cycles
instr count: 75, instr addr: 0014, instr: 4f12 done in 8 cycles
instr count: 76, instr addr: 0015, instr: 4029 done in 9 cycles
instr count: 77, instr addr: 0016, instr: ab0a done in 9 cycles
instr count: 78, instr addr: 0017, instr: 2b0a done in 9 cycles
instr count: 79, instr addr: 0018, instr: 5322 done in 8 cycles
instr count: 80, instr addr: 0019, instr: 9f89 done in 7 cycles
instr count: 81, instr addr: 0012, instr: e318 done in 9 cycles
instr count: 82, instr addr: 0013, instr: 4308 done in 9 cycles
instr count: 83, instr addr: 0014, instr: 4f12 done in 8 cycles
instr count: 84, instr addr: 0015, instr: 4029 done in 10 cycles
instr count: 85, instr addr: 0017, instr: 2b0a done in 9 cycles
instr count: 86, instr addr: 0018, instr: 5322 done in 8 cycles
instr count: 87, instr addr: 0019, instr: 9f89 done in 7 cycles
instr count: 88, instr addr: 0012, instr: e318 done in 9 cycles
instr count: 89, instr addr: 0013, instr: 4308 done in 9 cycles
instr count: 90, instr addr: 0014, instr: 4f12 done in 8 cycles
instr count: 91, instr addr: 0015, instr: 4029 done in 9 cycles
instr count: 92, instr addr: 0016, instr: ab0a done in 9 cycles
instr count: 93, instr addr: 0017, instr: 2b0a done in 9 cycles
instr count: 94, instr addr: 0018, instr: 5322 done in 8 cycles
instr count: 95, instr addr: 0019, instr: 9f89 done in 7 cycles
instr count: 96, instr addr: 0012, instr: e318 done in 9 cycles
instr count: 97, instr addr: 0013, instr: 4308 done in 9 cycles
instr count: 98, instr addr: 0014, instr: 4f12 done in 8 cycles
instr count: 99, instr addr: 0015, instr: 4029 done in 10 cycles
instr count: 100, instr addr: 0017, instr: 2b0a done in 9 cycles
instr count: 101, instr addr: 0018, instr: 5322 done in 8 cycles
instr count: 102, instr addr: 0019, instr: 9f89 done in 7 cycles
instr count: 103, instr addr: 0012, instr: e318 done in 9 cycles
instr count: 104, instr addr: 0013, instr: 4308 done in 9 cycles
instr count: 105, instr addr: 0014, instr: 4f12 done in 8 cycles
instr count: 106, instr addr: 0015, instr: 4029 done in 9 cycles
instr count: 107, instr addr: 0016, instr: ab0a done in 9 cycles
instr count: 108, instr addr: 0017, instr: 2b0a done in 9 cycles
instr count: 109, instr addr: 0018, instr: 5322 done in 8 cycles
instr count: 110, instr addr: 0019, instr: 9f89 done in 7 cycles
instr count: 111, instr addr: 0012, instr: e318 done in 9 cycles
instr count: 112, instr addr: 0013, instr: 4308 done in 9 cycles
instr count: 113, instr addr: 0014, instr: 4f12 done in 8 cycles
instr count: 114, instr addr: 0015, instr: 4029 done in 10 cycles
instr count: 115, instr addr: 0017, instr: 2b0a done in 9 cycles
instr count: 116, instr addr: 0018, instr: 5322 done in 8 cycles
instr count: 117, instr addr: 0019, instr: 9f89 done in 7 cycles
instr count: 118, instr addr: 0012, instr: e318 done in 9 cycles
instr count: 119, instr addr: 0013, instr: 4308 done in 9 cycles
instr count: 120, instr addr: 0014, instr: 4f12 done in 8 cycles
instr count: 121, instr addr: 0015, instr: 4029 done in 9 cycles
instr count: 122, instr addr: 0016, instr: ab0a done in 9 cycles
instr count: 123, instr addr: 0017, instr: 2b0a done in 9 cycles
instr count: 124, instr addr: 0018, instr: 5322 done in 8 cycles
instr count: 125, instr addr: 0019, instr: 9f89 done in 7 cycles
instr count: 126, instr addr: 0012, instr: e318 done in 9 cycles
instr count: 127, instr addr: 0013, instr: 4308 done in 9 cycles
instr count: 128, instr addr: 0014, instr: 4f12 done in 8 cycles
instr count: 129, instr addr: 0015, instr: 4029 done in 10 cycles
instr count: 130, instr addr: 0017, instr: 2b0a done in 9 cycles
instr count: 131, instr addr: 0018, instr: 5322 done in 8 cycles
instr count: 132, instr addr: 0019, instr: 9f89 done in 7 cycles
instr count: 133, instr addr: 0012, instr: e318 done in 9 cycles
instr count: 134, instr addr: 0013, instr: 4308 done in 9 cycles
instr count: 135, instr addr: 0014, instr: 4f12 done in 8 cycles
instr count: 136, instr addr: 0015, instr: 4029 done in 9 cycles
instr count: 137, instr addr: 0016, instr: ab0a done in 9 cycles
instr count: 138, instr addr: 0017, instr: 2b0a done in 9 cycles
instr count: 139, instr addr: 0018, instr: 5322 done in 8 cycles
instr count: 140, instr addr: 0019, instr: 9f89 done in 7 cycles
instr count: 141, instr addr: 0012, instr: e318 done in 9 cycles
instr count: 142, instr addr: 0013, instr: 4308 done in 9 cycles
instr count: 143, instr addr: 0014, instr: 4f12 done in 8 cycles
instr count: 144, instr addr: 0015, instr: 4029 done in 10 cycles
instr count: 145, instr addr: 0017, instr: 2b0a done in 9 cycles
instr count: 146, instr addr: 0018, instr: 5322 done in 8 cycles
instr count: 147, instr addr: 0019, instr: 9f89 done in 7 cycles
instr count: 148, instr addr: 0012, instr: e318 done in 9 cycles
instr count: 149, instr addr: 0013, instr: 4308 done in 9 cycles
instr count: 150, instr addr: 0014, instr: 4f12 done in 8 cycles
instr count: 151, instr addr: 0015, instr: 4029 done in 9 cycles
instr count: 152, instr addr: 0016, instr: ab0a done in 9 cycles
instr count: 153, instr addr: 0017, instr: 2b0a done in 9 cycles
instr count: 154, instr addr: 0018, instr: 5322 done in 8 cycles
instr count: 155, instr addr: 0019, instr: 9f89 done in 7 cycles
instr count: 156, instr addr: 0012, instr: e318 done in 9 cycles
instr count: 157, instr addr: 0013, instr: 4308 done in 9 cycles
instr count: 158, instr addr: 0014, instr: 4f12 done in 8 cycles
instr count: 159, instr addr: 0015, instr: 4029 done in 10 cycles
instr count: 160, instr addr: 0017, instr: 2b0a done in 9 cycles
instr count: 161, instr addr: 0018, instr: 5322 done in 8 cycles
instr count: 162, instr addr: 0019, instr: 9f89 done in 7 cycles
instr count: 163, instr addr: 0012, instr: e318 done in 9 cycles
instr count: 164, instr addr: 0013, instr: 4308 done in 9 cycles
instr count: 165, instr addr: 0014, instr: 4f12 done in 8 cycles
instr count: 166, instr addr: 0015, instr: 4029 done in 9 cycles
instr count: 167, instr addr: 0016, instr: ab0a done in 9 cycles
instr count: 168, instr addr: 0017, instr: 2b0a done in 9 cycles
instr count: 169, instr addr: 0018, instr: 5322 done in 8 cycles
instr count: 170, instr addr: 0019, instr: 9f89 done in 6 cycles
instr count: 171, instr addr: 001a, instr: e328 done in 9 cycles
instr count: 172, instr addr: 001b, instr: a7a9 done in 7 cycles
instr count: 173, instr addr: 0000, instr: 033a done in 9 cycles
instr count: 174, instr addr: 0001, instr: 0308 done in 9 cycles
instr count: 175, instr addr: 0002, instr: 0318 done in 39 cycles
instr count: 176, instr addr: 0006, instr: 0348 done in 9 cycles
instr count: 177, instr addr: 0007, instr: 933a done in 9 cycles
instr count: 178, instr addr: 0008, instr: 4b3a done in 9 cycles
instr count: 179, instr addr: 0009, instr: 273a done in 9 cycles
instr count: 180, instr addr: 000a, instr: b73a done in 9 cycles
instr count: 181, instr addr: 000b, instr: 6f3a done in 9 cycles
instr count: 182, instr addr: 000c, instr: 6308 done in 9 cycles
instr count: 183, instr addr: 000d, instr: ff3a done in 9 cycles
instr count: 184, instr addr: 000e, instr: e308 done in 9 cycles
instr count: 185, instr addr: 000f, instr: 8308 done in 9 cycles
instr count: 186, instr addr: 0010, instr: 0348 done in 9 cycles
instr count: 187, instr addr: 0011, instr: 7f39 done in 7 cycles
instr count: 188, instr addr: 000f, instr: 8308 done in 9 cycles
instr count: 189, instr addr: 0010, instr: 0348 done in 9 cycles
instr count: 190, instr addr: 0011, instr: 7f39 done in 7 cycles
instr count: 191, instr addr: 000f, instr: 8308 done in 9 cycles
instr count: 192, instr addr: 0010, instr: 0348 done in 9 cycles
instr count: 193, instr addr: 0011, instr: 7f39 done in 7 cycles
instr count: 194, instr addr: 000f, instr: 8308 done in 9 cycles
instr count: 195, instr addr: 0010, instr: 0348 done in 9 cycles
instr count: 196, instr addr: 0011, instr: 7f39 done in 7 cycles
instr count: 197, instr addr: 000f, instr: 8308 done in 9 cycles
instr count: 198, instr addr: 0010, instr: 0348 done in 9 cycles
instr count: 199, instr addr: 0011, instr: 7f39 done in 7 cycles
instr count: 200, instr addr: 000f, instr: 8308 done in 9 cycles
instr count: 201, instr addr: 0010, instr: 0348 done in 9 cycles
instr count: 202, instr addr: 0011, instr: 7f39 done in 7 cycles
instr count: 203, instr addr: 000f, instr: 8308 done in 9 cycles
instr count: 204, instr addr: 0010, instr: 0348 done in 9 cycles
instr count: 205, instr addr: 0011, instr: 7f39 done in 7 cycles
instr count: 206, instr addr: 000f, instr: 8308 done in 9 cycles
instr count: 207, instr addr: 0010, instr: 0348 done in 9 cycles
instr count: 208, instr addr: 0011, instr: 7f39 done in 7 cycles
instr count: 209, instr addr: 000f, instr: 8308 done in 9 cycles
instr count: 210, instr addr: 0010, instr: 0348 done in 9 cycles
instr count: 211, instr addr: 0011, instr: 7f39 done in 7 cycles
instr count: 212, instr addr: 000f, instr: 8308 done in 9 cycles
instr count: 213, instr addr: 0010, instr: 0348 done in 9 cycles
instr count: 214, instr addr: 0011, instr: 7f39 done in 7 cycles
instr count: 215, instr addr: 000f, instr: 8308 done in 9 cycles
instr count: 216, instr addr: 0010, instr: 0348 done in 9 cycles
instr count: 217, instr addr: 0011, instr: 7f39 done in 7 cycles
instr count: 218, instr addr: 000f, instr: 8308 done in 9 cycles
instr count: 219, instr addr: 0010, instr: 0348 done in 9 cycles
instr count: 220, instr addr: 0011, instr: 7f39 done in 7 cycles
instr count: 221, instr addr: 000f, instr: 8308 done in 9 cycles
instr count: 222, instr addr: 0010, instr: 0348 done in 9 cycles
instr count: 223, instr addr: 0011, instr: 7f39 done in 7 cycles
instr count: 224, instr addr: 000f, instr: 8308 done in 9 cycles
instr count: 225, instr addr: 0010, instr: 0348 done in 9 cycles
instr count: 226, instr addr: 0011, instr: 7f39 done in 7 cycles
instr count: 227, instr addr: 000f, instr: 8308 done in 9 cycles
instr count: 228, instr addr: 0010, instr: 0348 done in 9 cycles
instr count: 229, instr addr: 0011, instr: 7f39 done in 6 cycles
instr count: 230, instr addr: 0012, instr: e318 done in 9 cycles
instr count: 231, instr addr: 0013, instr: 4308 done in 9 cycles
instr count: 232, instr addr: 0014, instr: 4f12 done in 8 cycles
instr count: 233, instr addr: 0015, instr: 4029 done in 9 cycles
instr count: 234, instr addr: 0016, instr: ab0a done in 9 cycles
instr count: 235, instr addr: 0017, instr: 2b0a done in 9 cycles
instr count: 236, instr addr: 0018, instr: 5322 done in 8 cycles
instr count: 237, instr addr: 0019, instr: 9f89 done in 7 cycles
instr count: 238, instr addr: 0012, instr: e318 done in 9 cycles
instr count: 239, instr addr: 0013, instr: 4308 done in 9 cycles
instr count: 240, instr addr: 0014, instr: 4f12 done in 8 cycles
instr count: 241, instr addr: 0015, instr: 4029 done in 10 cycles
instr count: 242, instr addr: 0017, instr: 2b0a done in 9 cycles
instr count: 243, instr addr: 0018, instr: 5322 done in 8 cycles
instr count: 244, instr addr: 0019, instr: 9f89 done in 7 cycles
instr count: 245, instr addr: 0012, instr: e318 done in 9 cycles
instr count: 246, instr addr: 0013, instr: 4308 done in 9 cycles
instr count: 247, instr addr: 0014, instr: 4f12 done in 8 cycles
instr count: 248, instr addr: 0015, instr: 4029 done in 9 cycles
instr count: 249, instr addr: 0016, instr: ab0a done in 9 cycles
instr count: 250, instr addr: 0017, instr: 2b0a done in 9 cycles
instr count: 251, instr addr: 0018, instr: 5322 done in 8 cycles
instr count: 252, instr addr: 0019, instr: 9f89 done in 7 cycles
instr count: 253, instr addr: 0012, instr: e318 done in 9 cycles
instr count: 254, instr addr: 0013, instr: 4308 done in 9 cycles
instr count: 255, instr addr: 0014, instr: 4f12 done in 8 cycles
instr count: 256, instr addr: 0015, instr: 4029 done in 10 cycles
instr count: 257, instr addr: 0017, instr: 2b0a done in 9 cycles
instr count: 258, instr addr: 0018, instr: 5322 done in 8 cycles
instr count: 259, instr addr: 0019, instr: 9f89 done in 7 cycles
instr count: 260, instr addr: 0012, instr: e318 done in 9 cycles
instr count: 261, instr addr: 0013, instr: 4308 done in 9 cycles
instr count: 262, instr addr: 0014, instr: 4f12 done in 8 cycles
instr count: 263, instr addr: 0015, instr: 4029 done in 9 cycles
instr count: 264, instr addr: 0016, instr: ab0a done in 9 cycles
instr count: 265, instr addr: 0017, instr: 2b0a done in 9 cycles
instr count: 266, instr addr: 0018, instr: 5322 done in 8 cycles
instr count: 267, instr addr: 0019, instr: 9f89 done in 7 cycles
instr count: 268, instr addr: 0012, instr: e318 done in 9 cycles
instr count: 269, instr addr: 0013, instr: 4308 done in 9 cycles
instr count: 270, instr addr: 0014, instr: 4f12 done in 8 cycles
instr count: 271, instr addr: 0015, instr: 4029 done in 10 cycles
instr count: 272, instr addr: 0017, instr: 2b0a done in 9 cycles
instr count: 273, instr addr: 0018, instr: 5322 done in 8 cycles
instr count: 274, instr addr: 0019, instr: 9f89 done in 7 cycles
instr count: 275, instr addr: 0012, instr: e318 done in 9 cycles
instr count: 276, instr addr: 0013, instr: 4308 done in 9 cycles
instr count: 277, instr addr: 0014, instr: 4f12 done in 8 cycles
instr count: 278, instr addr: 0015, instr: 4029 done in 9 cycles
instr count: 279, instr addr: 0016, instr: ab0a done in 9 cycles
instr count: 280, instr addr: 0017, instr: 2b0a done in 9 cycles
instr count: 281, instr addr: 0018, instr: 5322 done in 8 cycles
instr count: 282, instr addr: 0019, instr: 9f89 done in 7 cycles
instr count: 283, instr addr: 0012, instr: e318 done in 9 cycles
instr count: 284, instr addr: 0013, instr: 4308 done in 9 cycles
instr count: 285, instr addr: 0014, instr: 4f12 done in 8 cycles
instr count: 286, instr addr: 0015, instr: 4029 done in 10 cycles
instr count: 287, instr addr: 0017, instr: 2b0a done in 9 cycles
instr count: 288, instr addr: 0018, instr: 5322 done in 8 cycles
instr count: 289, instr addr: 0019, instr: 9f89 done in 7 cycles
instr count: 290, instr addr: 0012, instr: e318 done in 9 cycles
instr count: 291, instr addr: 0013, instr: 4308 done in 9 cycles
instr count: 292, instr addr: 0014, instr: 4f12 done in 8 cycles
instr count: 293, instr addr: 0015, instr: 4029 done in 9 cycles
instr count: 294, instr addr: 0016, instr: ab0a done in 9 cycles
instr count: 295, instr addr: 0017, instr: 2b0a done in 9 cycles
instr count: 296, instr addr: 0018, instr: 5322 done in 8 cycles
instr count: 297, instr addr: 0019, instr: 9f89 done in 7 cycles
instr count: 298, instr addr: 0012, instr: e318 done in 9 cycles
instr count: 299, instr addr: 0013, instr: 4308 done in 9 cycles
instr count: 300, instr addr: 0014, instr: 4f12 done in 8 cycles
instr count: 301, instr addr: 0015, instr: 4029 done in 10 cycles
instr count: 302, instr addr: 0017, instr: 2b0a done in 9 cycles
instr count: 303, instr addr: 0018, instr: 5322 done in 8 cycles
instr count: 304, instr addr: 0019, instr: 9f89 done in 7 cycles
instr count: 305, instr addr: 0012, instr: e318 done in 9 cycles
instr count: 306, instr addr: 0013, instr: 4308 done in 9 cycles
instr count: 307, instr addr: 0014, instr: 4f12 done in 8 cycles
instr count: 308, instr addr: 0015, instr: 4029 done in 9 cycles
instr count: 309, instr addr: 0016, instr: ab0a done in 9 cycles
instr count: 310, instr addr: 0017, instr: 2b0a done in 9 cycles
instr count: 311, instr addr: 0018, instr: 5322 done in 8 cycles
instr count: 312, instr addr: 0019, instr: 9f89 done in 7 cycles
instr count: 313, instr addr: 0012, instr: e318 done in 9 cycles
instr count: 314, instr addr: 0013, instr: 4308 done in 9 cycles
instr count: 315, instr addr: 0014, instr: 4f12 done in 8 cycles
instr count: 316, instr addr: 0015, instr: 4029 done in 10 cycles
instr count: 317, instr addr: 0017, instr: 2b0a done in 9 cycles
instr count: 318, instr addr: 0018, instr: 5322 done in 8 cycles
instr count: 319, instr addr: 0019, instr: 9f89 done in 7 cycles
instr count: 320, instr addr: 0012, instr: e318 done in 9 cycles
instr count: 321, instr addr: 0013, instr: 4308 done in 9 cycles
instr count: 322, instr addr: 0014, instr: 4f12 done in 8 cycles
instr count: 323, instr addr: 0015, instr: 4029 done in 9 cycles
instr count: 324, instr addr: 0016, instr: ab0a done in 9 cycles
instr count: 325, instr addr: 0017, instr: 2b0a done in 9 cycles
instr count: 326, instr addr: 0018, instr: 5322 done in 8 cycles
instr count: 327, instr addr: 0019, instr: 9f89 done in 7 cycles
instr count: 328, instr addr: 0012, instr: e318 done in 9 cycles
instr count: 329, instr addr: 0013, instr: 4308 done in 9 cycles
instr count: 330, instr addr: 0014, instr: 4f12 done in 8 cycles
instr count: 331, instr addr: 0015, instr: 4029 done in 10 cycles
instr count: 332, instr addr: 0017, instr: 2b0a done in 9 cycles
instr count: 333, instr addr: 0018, instr: 5322 done in 8 cycles
instr count: 334, instr addr: 0019, instr: 9f89 done in 7 cycles
instr count: 335, instr addr: 0012, instr: e318 done in 9 cycles
instr count: 336, instr addr: 0013, instr: 4308 done in 9 cycles
instr count: 337, instr addr: 0014, instr: 4f12 done in 8 cycles
instr count: 338, instr addr: 0015, instr: 4029 done in 9 cycles
instr count: 339, instr addr: 0016, instr: ab0a done in 9 cycles
instr count: 340, instr addr: 0017, instr: 2b0a done in 9 cycles
instr count: 341, instr addr: 0018, instr: 5322 done in 8 cycles
instr count: 342, instr addr: 0019, instr: 9f89 done in 6 cycles
instr count: 343, instr addr: 001a, instr: e328 done in 9 cycles
instr count: 344, instr addr: 001b, instr: a7a9 done in 7 cycles
test ok
--------------------------------------------------------------------------------
Stopped at time : 3610235 ns : File "E:/Facultate/An3/Sem 1/AC/Tema3/tema/build/bin/tester/tester.v" Line 365
********************************************************************************
**** Running test jmp_10...
********************************************************************************
ISim P.20131013 (signature 0x7708f090)
WARNING: A WEBPACK license was found.
WARNING: Please use Xilinx License Configuration Manager to check out a full ISim license.
WARNING: ISim will run in Lite mode. Please refer to the ISim documentation for more information on the differences between the Lite and the Full version.
This is a Lite version of ISim.
Time resolution is 1 ps
Simulator is doing circuit initialization process.
Finished circuit initialization process.
--------------------------------------------------------------------------------
instr count: 1, instr addr: 0000, instr: 033a done in 9 cycles
instr count: 2, instr addr: 0001, instr: 933a done in 9 cycles
instr count: 3, instr addr: 0002, instr: 4b3a done in 9 cycles
instr count: 4, instr addr: 0003, instr: db3a done in 9 cycles
instr count: 5, instr addr: 0004, instr: 273a done in 9 cycles
instr count: 6, instr addr: 0005, instr: b73a done in 9 cycles
instr count: 7, instr addr: 0006, instr: 6f3a done in 9 cycles
instr count: 8, instr addr: 0007, instr: ff3a done in 9 cycles
instr count: 9, instr addr: 0008, instr: 2308 done in 9 cycles
instr count: 10, instr addr: 0009, instr: 2318 done in 9 cycles
instr count: 11, instr addr: 000a, instr: a308 done in 19 cycles
instr count: 12, instr addr: 000c, instr: a318 done in 9 cycles
instr count: 13, instr addr: 000d, instr: 670a done in 9 cycles
instr count: 14, instr addr: 000e, instr: 770a done in 9 cycles
instr count: 15, instr addr: 000f, instr: ef0a done in 19 cycles
instr count: 16, instr addr: 0011, instr: 2150 done in 11 cycles
instr count: 17, instr addr: 0013, instr: a150 done in 11 cycles
instr count: 18, instr addr: 0015, instr: 6150 done in 11 cycles
instr count: 19, instr addr: 0017, instr: 0150 done in 13 cycles
instr count: 20, instr addr: 0019, instr: 8150 done in 13 cycles
instr count: 21, instr addr: 001b, instr: e150 done in 11 cycles
instr count: 22, instr addr: 001d, instr: 4150 done in 13 cycles
instr count: 23, instr addr: 001f, instr: c150 done in 13 cycles
instr count: 24, instr addr: 0021, instr: 2150 done in 11 cycles
instr count: 25, instr addr: 0025, instr: 6150 done in 11 cycles
instr count: 26, instr addr: 0023, instr: a150 done in 11 cycles
instr count: 27, instr addr: 0027, instr: 0150 done in 13 cycles
instr count: 28, instr addr: 002d, instr: 4150 done in 13 cycles
instr count: 29, instr addr: 0029, instr: 8150 done in 13 cycles
instr count: 30, instr addr: 002b, instr: e150 done in 11 cycles
instr count: 31, instr addr: 002f, instr: c150 done in 13 cycles
instr count: 32, instr addr: 0011, instr: 2150 done in 11 cycles
instr count: 33, instr addr: 0013, instr: a150 done in 11 cycles
instr count: 34, instr addr: 0015, instr: 6150 done in 11 cycles
instr count: 35, instr addr: 0017, instr: 0150 done in 13 cycles
instr count: 36, instr addr: 0019, instr: 8150 done in 13 cycles
instr count: 37, instr addr: 001b, instr: e150 done in 11 cycles
instr count: 38, instr addr: 001d, instr: 4150 done in 13 cycles
instr count: 39, instr addr: 001f, instr: c150 done in 13 cycles
instr count: 40, instr addr: 0021, instr: 2150 done in 11 cycles
instr count: 41, instr addr: 0025, instr: 6150 done in 11 cycles
instr count: 42, instr addr: 0023, instr: a150 done in 11 cycles
instr count: 43, instr addr: 0027, instr: 0150 done in 13 cycles
instr count: 44, instr addr: 002d, instr: 4150 done in 13 cycles
instr count: 45, instr addr: 0029, instr: 8150 done in 13 cycles
instr count: 46, instr addr: 002b, instr: e150 done in 11 cycles
instr count: 47, instr addr: 002f, instr: c150 done in 13 cycles
test ok
--------------------------------------------------------------------------------
Stopped at time : 504065 ns : File "E:/Facultate/An3/Sem 1/AC/Tema3/tema/build/bin/tester/tester.v" Line 365
********************************************************************************
**** Running test jmp_simple_00...
********************************************************************************
ISim P.20131013 (signature 0x7708f090)
WARNING: A WEBPACK license was found.
WARNING: Please use Xilinx License Configuration Manager to check out a full ISim license.
WARNING: ISim will run in Lite mode. Please refer to the ISim documentation for more information on the differences between the Lite and the Full version.
This is a Lite version of ISim.
Time resolution is 1 ps
Simulator is doing circuit initialization process.
Finished circuit initialization process.
--------------------------------------------------------------------------------
instr count: 1, instr addr: 0000, instr: 033a done in 9 cycles
instr count: 2, instr addr: 0001, instr: 933a done in 9 cycles
instr count: 3, instr addr: 0002, instr: 4b3a done in 9 cycles
instr count: 4, instr addr: 0003, instr: db3a done in 9 cycles
instr count: 5, instr addr: 0004, instr: 273a done in 9 cycles
instr count: 6, instr addr: 0005, instr: b73a done in 9 cycles
instr count: 7, instr addr: 0006, instr: 6f3a done in 9 cycles
instr count: 8, instr addr: 0007, instr: ff3a done in 9 cycles
instr count: 9, instr addr: 0008, instr: 0308 done in 9 cycles
instr count: 10, instr addr: 0009, instr: 0318 done in 19 cycles
instr count: 11, instr addr: 000b, instr: 0308 done in 9 cycles
instr count: 12, instr addr: 000c, instr: 0318 done in 9 cycles
instr count: 13, instr addr: 000d, instr: 0308 done in 19 cycles
instr count: 14, instr addr: 000f, instr: 0318 done in 9 cycles
instr count: 15, instr addr: 0010, instr: 2308 done in 19 cycles
instr count: 16, instr addr: 0012, instr: a308 done in 9 cycles
instr count: 17, instr addr: 0013, instr: 670a done in 9 cycles
instr count: 18, instr addr: 0014, instr: e70a done in 9 cycles
instr count: 19, instr addr: 0015, instr: f70a done in 9 cycles
instr count: 20, instr addr: 0016, instr: 230a done in 9 cycles
instr count: 21, instr addr: 0017, instr: a30a done in 9 cycles
instr count: 22, instr addr: 0018, instr: 2050 done in 5 cycles
instr count: 23, instr addr: 001a, instr: a050 done in 5 cycles
instr count: 24, instr addr: 0019, instr: 0050 done in 7 cycles
instr count: 25, instr addr: 001c, instr: 8050 done in 7 cycles
instr count: 26, instr addr: 001b, instr: 4050 done in 7 cycles
instr count: 27, instr addr: 001d, instr: c050 done in 7 cycles
instr count: 28, instr addr: 001c, instr: 8050 done in 7 cycles
instr count: 29, instr addr: 001b, instr: 4050 done in 7 cycles
instr count: 30, instr addr: 001d, instr: c050 done in 7 cycles
test ok
--------------------------------------------------------------------------------
Stopped at time : 324885 ns : File "E:/Facultate/An3/Sem 1/AC/Tema3/tema/build/bin/tester/tester.v" Line 365
********************************************************************************
**** Running test jmp_simple_11...
********************************************************************************
ISim P.20131013 (signature 0x7708f090)
WARNING: A WEBPACK license was found.
WARNING: Please use Xilinx License Configuration Manager to check out a full ISim license.
WARNING: ISim will run in Lite mode. Please refer to the ISim documentation for more information on the differences between the Lite and the Full version.
This is a Lite version of ISim.
Time resolution is 1 ps
Simulator is doing circuit initialization process.
Finished circuit initialization process.
--------------------------------------------------------------------------------
instr count: 1, instr addr: 0000, instr: 033a done in 9 cycles
instr count: 2, instr addr: 0001, instr: 933a done in 9 cycles
instr count: 3, instr addr: 0002, instr: 4b3a done in 9 cycles
instr count: 4, instr addr: 0003, instr: db3a done in 9 cycles
instr count: 5, instr addr: 0004, instr: 273a done in 9 cycles
instr count: 6, instr addr: 0005, instr: b73a done in 9 cycles
instr count: 7, instr addr: 0006, instr: 6f3a done in 9 cycles
instr count: 8, instr addr: 0007, instr: ff3a done in 9 cycles
instr count: 9, instr addr: 0008, instr: 0308 done in 9 cycles
instr count: 10, instr addr: 0009, instr: 8308 done in 29 cycles
instr count: 11, instr addr: 000c, instr: 4308 done in 9 cycles
instr count: 12, instr addr: 000d, instr: 4318 done in 19 cycles
instr count: 13, instr addr: 000f, instr: c308 done in 19 cycles
instr count: 14, instr addr: 0011, instr: 330a done in 9 cycles
instr count: 15, instr addr: 0012, instr: 2b0a done in 9 cycles
instr count: 16, instr addr: 0013, instr: a70a done in 9 cycles
instr count: 17, instr addr: 0014, instr: a348 done in 9 cycles
instr count: 18, instr addr: 0015, instr: 670a done in 49 cycles
instr count: 19, instr addr: 001a, instr: 630a done in 9 cycles
instr count: 20, instr addr: 001b, instr: e30a done in 9 cycles
instr count: 21, instr addr: 001c, instr: eb0a done in 9 cycles
instr count: 22, instr addr: 001d, instr: 0f0a done in 9 cycles
instr count: 23, instr addr: 001e, instr: 8f0a done in 9 cycles
instr count: 24, instr addr: 001f, instr: 4f0a done in 9 cycles
instr count: 25, instr addr: 0020, instr: cf0a done in 9 cycles
instr count: 26, instr addr: 0021, instr: 2f0a done in 9 cycles
instr count: 27, instr addr: 0022, instr: af0a done in 9 cycles
instr count: 28, instr addr: 0023, instr: ef0a done in 9 cycles
instr count: 29, instr addr: 0024, instr: 0350 done in 6 cycles
instr count: 30, instr addr: 0025, instr: 8350 done in 6 cycles
instr count: 31, instr addr: 0027, instr: c350 done in 6 cycles
instr count: 32, instr addr: 0026, instr: 4350 done in 6 cycles
instr count: 33, instr addr: 0028, instr: 2350 done in 6 cycles
instr count: 34, instr addr: 002b, instr: e350 done in 6 cycles
instr count: 35, instr addr: 0029, instr: a350 done in 6 cycles
instr count: 36, instr addr: 002a, instr: 6350 done in 6 cycles
instr count: 37, instr addr: 0024, instr: 0350 done in 6 cycles
instr count: 38, instr addr: 0025, instr: 8350 done in 6 cycles
instr count: 39, instr addr: 0027, instr: c350 done in 6 cycles
instr count: 40, instr addr: 0026, instr: 4350 done in 6 cycles
instr count: 41, instr addr: 0028, instr: 2350 done in 6 cycles
instr count: 42, instr addr: 002b, instr: e350 done in 6 cycles
instr count: 43, instr addr: 0029, instr: a350 done in 6 cycles
instr count: 44, instr addr: 002a, instr: 6350 done in 6 cycles
test ok
--------------------------------------------------------------------------------
Stopped at time : 471835 ns : File "E:/Facultate/An3/Sem 1/AC/Tema3/tema/build/bin/tester/tester.v" Line 365
********************************************************************************
**** Running test mod01_bonus...
********************************************************************************
ISim P.20131013 (signature 0x7708f090)
WARNING: A WEBPACK license was found.
WARNING: Please use Xilinx License Configuration Manager to check out a full ISim license.
WARNING: ISim will run in Lite mode. Please refer to the ISim documentation for more information on the differences between the Lite and the Full version.
This is a Lite version of ISim.
Time resolution is 1 ps
Simulator is doing circuit initialization process.
Finished circuit initialization process.
--------------------------------------------------------------------------------
instr count: 1, instr addr: 0000, instr: 0304 done in 13 cycles
instr count: 2, instr addr: 0002, instr: 4304 done in 13 cycles
instr count: 3, instr addr: 0004, instr: c304 done in 13 cycles
instr count: 4, instr addr: 0006, instr: 2304 done in 13 cycles
instr count: 5, instr addr: 0008, instr: a304 done in 13 cycles
instr count: 6, instr addr: 000a, instr: 6304 done in 13 cycles
instr count: 7, instr addr: 000c, instr: e304 done in 13 cycles
instr count: 8, instr addr: 000e, instr: 2104 done in 263 cycles
instr count: 9, instr addr: 002f, instr: 768a
	timeout after 1000 cycles
		at instr count: 9, instr addr: 002f, instr: 768a
--------------------------------------------------------------------------------
Stopped at time : 106925 ns : File "E:/Facultate/An3/Sem 1/AC/Tema3/tema/build/bin/tester/tester.v" Line 365
********************************************************************************
**** Running test mov_10...
********************************************************************************
ISim P.20131013 (signature 0x7708f090)
WARNING: A WEBPACK license was found.
WARNING: Please use Xilinx License Configuration Manager to check out a full ISim license.
WARNING: ISim will run in Lite mode. Please refer to the ISim documentation for more information on the differences between the Lite and the Full version.
This is a Lite version of ISim.
Time resolution is 1 ps
Simulator is doing circuit initialization process.
Finished circuit initialization process.
--------------------------------------------------------------------------------
instr count: 1, instr addr: 0000, instr: 033a done in 9 cycles
instr count: 2, instr addr: 0001, instr: 933a done in 9 cycles
instr count: 3, instr addr: 0002, instr: 4b3a done in 9 cycles
instr count: 4, instr addr: 0003, instr: db3a done in 9 cycles
instr count: 5, instr addr: 0004, instr: 273a done in 9 cycles
instr count: 6, instr addr: 0005, instr: b73a done in 9 cycles
instr count: 7, instr addr: 0006, instr: 6f3a done in 9 cycles
instr count: 8, instr addr: 0007, instr: ff3a done in 9 cycles
instr count: 9, instr addr: 0008, instr: 0308 done in 9 cycles
instr count: 10, instr addr: 0009, instr: 0318 done in 9 cycles
instr count: 11, instr addr: 000a, instr: 0308 done in 9 cycles
instr count: 12, instr addr: 000b, instr: 8308 done in 19 cycles
instr count: 13, instr addr: 000d, instr: 4308 done in 9 cycles
instr count: 14, instr addr: 000e, instr: 2348 done in 9 cycles
instr count: 15, instr addr: 000f, instr: a348 done in 19 cycles
instr count: 16, instr addr: 0011, instr: 670a done in 9 cycles
instr count: 17, instr addr: 0012, instr: 770a done in 9 cycles
instr count: 18, instr addr: 0013, instr: ef0a done in 19 cycles
instr count: 19, instr addr: 0015, instr: 2180 done in 18 cycles
instr count: 20, instr addr: 0017, instr: 3180 done in 18 cycles
instr count: 21, instr addr: 0019, instr: 2980 done in 18 cycles
instr count: 22, instr addr: 001b, instr: 3980 done in 18 cycles
instr count: 23, instr addr: 001d, instr: 2100 done in 19 cycles
instr count: 24, instr addr: 001f, instr: 3100 done in 19 cycles
instr count: 25, instr addr: 0021, instr: 2900 done in 19 cycles
instr count: 26, instr addr: 0023, instr: 3900 done in 19 cycles
instr count: 27, instr addr: 0025, instr: 2180 done in 18 cycles
instr count: 28, instr addr: 0027, instr: b180 done in 18 cycles
instr count: 29, instr addr: 0029, instr: 6980 done in 18 cycles
instr count: 30, instr addr: 002b, instr: f980 done in 18 cycles
instr count: 31, instr addr: 002d, instr: 2100 done in 19 cycles
instr count: 32, instr addr: 002f, instr: b100 done in 19 cycles
instr count: 33, instr addr: 0031, instr: 6900 done in 19 cycles
instr count: 34, instr addr: 0033, instr: f900 done in 19 cycles
instr count: 35, instr addr: 0035, instr: 1980 done in 20 cycles
instr count: 36, instr addr: 0037, instr: 8980 done in 20 cycles
instr count: 37, instr addr: 0039, instr: 5180 done in 20 cycles
instr count: 38, instr addr: 003b, instr: c180 done in 20 cycles
instr count: 39, instr addr: 003d, instr: 1900 done in 21 cycles
instr count: 40, instr addr: 003f, instr: 8900 done in 21 cycles
instr count: 41, instr addr: 0041, instr: 5100 done in 21 cycles
instr count: 42, instr addr: 0043, instr: c100 done in 21 cycles
test ok
--------------------------------------------------------------------------------
Stopped at time : 452405 ns : File "E:/Facultate/An3/Sem 1/AC/Tema3/tema/build/bin/tester/tester.v" Line 365
********************************************************************************
**** Running test mov_immediate...
********************************************************************************
ISim P.20131013 (signature 0x7708f090)
WARNING: A WEBPACK license was found.
WARNING: Please use Xilinx License Configuration Manager to check out a full ISim license.
WARNING: ISim will run in Lite mode. Please refer to the ISim documentation for more information on the differences between the Lite and the Full version.
This is a Lite version of ISim.
Time resolution is 1 ps
Simulator is doing circuit initialization process.
Finished circuit initialization process.
--------------------------------------------------------------------------------
instr count: 1, instr addr: 0000, instr: 033a done in 9 cycles
instr count: 2, instr addr: 0001, instr: 933a done in 9 cycles
instr count: 3, instr addr: 0002, instr: 4b3a done in 9 cycles
instr count: 4, instr addr: 0003, instr: db3a done in 9 cycles
instr count: 5, instr addr: 0004, instr: 273a done in 9 cycles
instr count: 6, instr addr: 0005, instr: b73a done in 9 cycles
instr count: 7, instr addr: 0006, instr: 6f3a done in 9 cycles
instr count: 8, instr addr: 0007, instr: ff3a done in 9 cycles
instr count: 9, instr addr: 0008, instr: 2348 done in 9 cycles
instr count: 10, instr addr: 0009, instr: a348 done in 19 cycles
instr count: 11, instr addr: 000b, instr: 670a done in 9 cycles
instr count: 12, instr addr: 000c, instr: 770a done in 9 cycles
instr count: 13, instr addr: 000d, instr: ef0a done in 19 cycles
instr count: 14, instr addr: 000f, instr: 0304 done in 13 cycles
instr count: 15, instr addr: 0011, instr: 8304 done in 13 cycles
instr count: 16, instr addr: 0013, instr: 4304 done in 13 cycles
instr count: 17, instr addr: 0015, instr: c304 done in 13 cycles
instr count: 18, instr addr: 0017, instr: 2004 done in 17 cycles
instr count: 19, instr addr: 0019, instr: e004 done in 17 cycles
instr count: 20, instr addr: 001b, instr: 8004 done in 19 cycles
instr count: 21, instr addr: 001d, instr: 4004 done in 19 cycles
instr count: 22, instr addr: 001f, instr: a104 done in 23 cycles
instr count: 23, instr addr: 0022, instr: 6104 done in 23 cycles
instr count: 24, instr addr: 0025, instr: 0104 done in 25 cycles
instr count: 25, instr addr: 0028, instr: c104 done in 25 cycles
test ok
--------------------------------------------------------------------------------
Stopped at time : 273285 ns : File "E:/Facultate/An3/Sem 1/AC/Tema3/tema/build/bin/tester/tester.v" Line 365
********************************************************************************
**** Running test mov_simple...
********************************************************************************
ISim P.20131013 (signature 0x7708f090)
WARNING: A WEBPACK license was found.
WARNING: Please use Xilinx License Configuration Manager to check out a full ISim license.
WARNING: ISim will run in Lite mode. Please refer to the ISim documentation for more information on the differences between the Lite and the Full version.
This is a Lite version of ISim.
Time resolution is 1 ps
Simulator is doing circuit initialization process.
Finished circuit initialization process.
--------------------------------------------------------------------------------
instr count: 1, instr addr: 0000, instr: 033a done in 9 cycles
instr count: 2, instr addr: 0001, instr: 933a done in 9 cycles
instr count: 3, instr addr: 0002, instr: 4b3a done in 9 cycles
instr count: 4, instr addr: 0003, instr: db3a done in 9 cycles
instr count: 5, instr addr: 0004, instr: 273a done in 9 cycles
instr count: 6, instr addr: 0005, instr: b73a done in 9 cycles
instr count: 7, instr addr: 0006, instr: 6f3a done in 9 cycles
instr count: 8, instr addr: 0007, instr: ff3a done in 9 cycles
instr count: 9, instr addr: 0008, instr: 0308 done in 9 cycles
instr count: 10, instr addr: 0009, instr: 0318 done in 9 cycles
instr count: 11, instr addr: 000a, instr: 0308 done in 9 cycles
instr count: 12, instr addr: 000b, instr: 8308 done in 19 cycles
instr count: 13, instr addr: 000d, instr: 4308 done in 9 cycles
instr count: 14, instr addr: 000e, instr: 2348 done in 9 cycles
instr count: 15, instr addr: 000f, instr: a348 done in 19 cycles
instr count: 16, instr addr: 0011, instr: 670a done in 9 cycles
instr count: 17, instr addr: 0012, instr: 770a done in 9 cycles
instr count: 18, instr addr: 0013, instr: ef0a done in 9 cycles
instr count: 19, instr addr: 0014, instr: 8b00 done in 9 cycles
instr count: 20, instr addr: 0015, instr: 9b00 done in 9 cycles
instr count: 21, instr addr: 0016, instr: cb80 done in 9 cycles
instr count: 22, instr addr: 0017, instr: 0300 done in 9 cycles
instr count: 23, instr addr: 0018, instr: c300 done in 9 cycles
instr count: 24, instr addr: 0019, instr: cb80 done in 9 cycles
instr count: 25, instr addr: 001a, instr: 3880 done in 12 cycles
instr count: 26, instr addr: 001b, instr: a880 done in 12 cycles
instr count: 27, instr addr: 001c, instr: 1080 done in 14 cycles
instr count: 28, instr addr: 001d, instr: c080 done in 14 cycles
instr count: 29, instr addr: 001e, instr: 2000 done in 13 cycles
instr count: 30, instr addr: 001f, instr: b000 done in 13 cycles
instr count: 31, instr addr: 0020, instr: 4800 done in 15 cycles
instr count: 32, instr addr: 0021, instr: 9800 done in 15 cycles
test ok
--------------------------------------------------------------------------------
Stopped at time : 345975 ns : File "E:/Facultate/An3/Sem 1/AC/Tema3/tema/build/bin/tester/tester.v" Line 365
********************************************************************************
**** Running test pf_bonus...
********************************************************************************
ISim P.20131013 (signature 0x7708f090)
WARNING: A WEBPACK license was found.
WARNING: Please use Xilinx License Configuration Manager to check out a full ISim license.
WARNING: ISim will run in Lite mode. Please refer to the ISim documentation for more information on the differences between the Lite and the Full version.
This is a Lite version of ISim.
Time resolution is 1 ps
Simulator is doing circuit initialization process.
Finished circuit initialization process.
--------------------------------------------------------------------------------
instr count: 1, instr addr: 0000, instr: 033a done in 9 cycles
instr count: 2, instr addr: 0001, instr: 8304 done in 13 cycles
instr count: 3, instr addr: 0003, instr: 4304 done in 13 cycles
instr count: 4, instr addr: 0005, instr: c304 done in 13 cycles
instr count: 5, instr addr: 0007, instr: 2304 done in 13 cycles
instr count: 6, instr addr: 0009, instr: a304 done in 13 cycles
instr count: 7, instr addr: 000b, instr: 6304 done in 13 cycles
instr count: 8, instr addr: 000d, instr: e304 done in 13 cycles
instr count: 9, instr addr: 000f, instr: 0104 done in 77 cycles
instr count: 10, instr addr: 0018, instr: 0148 done in 23 cycles
instr count: 11, instr addr: 001a, instr: 0021 done in 15 cycles
instr count: 12, instr addr: 001b, instr: 112a done in 21 cycles
instr count: 13, instr addr: 001d, instr: 0021 done in 15 cycles
instr count: 14, instr addr: 001e, instr: 010e done in 25 cycles
instr count: 15, instr addr: 0021, instr: 0021 done in 15 cycles
instr count: 16, instr addr: 0022, instr: c326 done in 12 cycles
instr count: 17, instr addr: 0024, instr: 0039 done in 9 cycles
instr count: 18, instr addr: 0025, instr: 0120 done in 21 cycles
instr count: 19, instr addr: 0027, instr: 033a done in 9 cycles
instr count: 20, instr addr: 0028, instr: 0061 done in 11 cycles
instr count: 21, instr addr: 0029, instr: 0079 done in 9 cycles
instr count: 22, instr addr: 002a, instr: 0039 done in 9 cycles
instr count: 23, instr addr: 002b, instr: 033a done in 9 cycles
instr count: 24, instr addr: 002c, instr: 0160 done in 21 cycles
instr count: 25, instr addr: 002e, instr: 033a done in 9 cycles
instr count: 26, instr addr: 002f, instr: 0061 done in 11 cycles
test ok
--------------------------------------------------------------------------------
Stopped at time : 284075 ns : File "E:/Facultate/An3/Sem 1/AC/Tema3/tema/build/bin/tester/tester.v" Line 365
********************************************************************************
**** Running test push_10...
********************************************************************************
ISim P.20131013 (signature 0x7708f090)
WARNING: A WEBPACK license was found.
WARNING: Please use Xilinx License Configuration Manager to check out a full ISim license.
WARNING: ISim will run in Lite mode. Please refer to the ISim documentation for more information on the differences between the Lite and the Full version.
This is a Lite version of ISim.
Time resolution is 1 ps
Simulator is doing circuit initialization process.
Finished circuit initialization process.
--------------------------------------------------------------------------------
instr count: 1, instr addr: 0000, instr: 033a done in 9 cycles
instr count: 2, instr addr: 0001, instr: 933a done in 9 cycles
instr count: 3, instr addr: 0002, instr: 4b3a done in 9 cycles
instr count: 4, instr addr: 0003, instr: db3a done in 9 cycles
instr count: 5, instr addr: 0004, instr: 273a done in 9 cycles
instr count: 6, instr addr: 0005, instr: b73a done in 9 cycles
instr count: 7, instr addr: 0006, instr: 6f3a done in 9 cycles
instr count: 8, instr addr: 0007, instr: ff3a done in 9 cycles
instr count: 9, instr addr: 0008, instr: 2348 done in 9 cycles
instr count: 10, instr addr: 0009, instr: a348 done in 19 cycles
instr count: 11, instr addr: 000b, instr: 670a done in 9 cycles
instr count: 12, instr addr: 000c, instr: 770a done in 9 cycles
instr count: 13, instr addr: 000d, instr: ef0a done in 19 cycles
instr count: 14, instr addr: 000f, instr: 2120 done in 19 cycles
instr count: 15, instr addr: 0011, instr: e160 done in 19 cycles
instr count: 16, instr addr: 0013, instr: a120 done in 19 cycles
instr count: 17, instr addr: 0015, instr: 6120 done in 19 cycles
instr count: 18, instr addr: 0017, instr: 4160 done in 21 cycles
instr count: 19, instr addr: 0019, instr: c160 done in 21 cycles
instr count: 20, instr addr: 001b, instr: 0120 done in 21 cycles
instr count: 21, instr addr: 001d, instr: 8160 done in 21 cycles
instr count: 22, instr addr: 001f, instr: 6120 done in 19 cycles
instr count: 23, instr addr: 0021, instr: a160 done in 19 cycles
instr count: 24, instr addr: 0023, instr: e120 done in 19 cycles
instr count: 25, instr addr: 0025, instr: 2120 done in 19 cycles
instr count: 26, instr addr: 0027, instr: 8160 done in 21 cycles
instr count: 27, instr addr: 0029, instr: 0160 done in 21 cycles
instr count: 28, instr addr: 002b, instr: c120 done in 21 cycles
instr count: 29, instr addr: 002d, instr: 4160 done in 21 cycles
test ok
--------------------------------------------------------------------------------
Stopped at time : 315925 ns : File "E:/Facultate/An3/Sem 1/AC/Tema3/tema/build/bin/tester/tester.v" Line 365
********************************************************************************
**** Running test push_simple...
********************************************************************************
ISim P.20131013 (signature 0x7708f090)
WARNING: A WEBPACK license was found.
WARNING: Please use Xilinx License Configuration Manager to check out a full ISim license.
WARNING: ISim will run in Lite mode. Please refer to the ISim documentation for more information on the differences between the Lite and the Full version.
This is a Lite version of ISim.
Time resolution is 1 ps
Simulator is doing circuit initialization process.
Finished circuit initialization process.
--------------------------------------------------------------------------------
instr count: 1, instr addr: 0000, instr: 033a done in 9 cycles
instr count: 2, instr addr: 0001, instr: 933a done in 9 cycles
instr count: 3, instr addr: 0002, instr: 4b3a done in 9 cycles
instr count: 4, instr addr: 0003, instr: db3a done in 9 cycles
instr count: 5, instr addr: 0004, instr: 273a done in 9 cycles
instr count: 6, instr addr: 0005, instr: b73a done in 9 cycles
instr count: 7, instr addr: 0006, instr: 6f3a done in 9 cycles
instr count: 8, instr addr: 0007, instr: ff3a done in 9 cycles
instr count: 9, instr addr: 0008, instr: 2348 done in 9 cycles
instr count: 10, instr addr: 0009, instr: a348 done in 19 cycles
instr count: 11, instr addr: 000b, instr: 670a done in 9 cycles
instr count: 12, instr addr: 000c, instr: 770a done in 9 cycles
instr count: 13, instr addr: 000d, instr: ef0a done in 19 cycles
instr count: 14, instr addr: 000f, instr: 2320 done in 10 cycles
instr count: 15, instr addr: 0010, instr: 0360 done in 11 cycles
instr count: 16, instr addr: 0011, instr: a320 done in 10 cycles
instr count: 17, instr addr: 0012, instr: 6320 done in 10 cycles
instr count: 18, instr addr: 0013, instr: 4360 done in 11 cycles
instr count: 19, instr addr: 0014, instr: e320 done in 10 cycles
instr count: 20, instr addr: 0015, instr: 8360 done in 23 cycles
instr count: 21, instr addr: 0017, instr: 2020 done in 13 cycles
instr count: 22, instr addr: 0018, instr: e060 done in 13 cycles
instr count: 23, instr addr: 0019, instr: a020 done in 13 cycles
instr count: 24, instr addr: 001a, instr: 6020 done in 13 cycles
instr count: 25, instr addr: 001b, instr: 4060 done in 15 cycles
instr count: 26, instr addr: 001c, instr: c060 done in 15 cycles
instr count: 27, instr addr: 001d, instr: 0020 done in 15 cycles
instr count: 28, instr addr: 001e, instr: 8060 done in 15 cycles
test ok
--------------------------------------------------------------------------------
Stopped at time : 304585 ns : File "E:/Facultate/An3/Sem 1/AC/Tema3/tema/build/bin/tester/tester.v" Line 365
