ISim log file
Running: tester.exe -intstyle ise -tclbatch ..\..\..\scripts\console.tcl 
ISim P.20131013 (signature 0x7708f090)
WARNING: A WEBPACK license was found.
WARNING: Please use Xilinx License Configuration Manager to check out a full ISim license.
WARNING: ISim will run in Lite mode. Please refer to the ISim documentation for more information on the differences between the Lite and the Full version.
This is a Lite version of ISim.
Time resolution is 1 ps
# onerror resume
# wave add /
# run 10 ms
Simulator is doing circuit initialization process.
Finished circuit initialization process.
--------------------------------------------------------------------------------
instr count: 1, instr addr: 0000, instr: 033a done in 9 cycles
instr count: 2, instr addr: 0001, instr: 8304 done in 13 cycles
instr count: 3, instr addr: 0003, instr: 4304 done in 13 cycles
instr count: 4, instr addr: 0005, instr: c304 done in 13 cycles
instr count: 5, instr addr: 0007, instr: 2304 done in 13 cycles
instr count: 6, instr addr: 0009, instr: a304 done in 13 cycles
instr count: 7, instr addr: 000b, instr: 6304 done in 13 cycles
instr count: 8, instr addr: 000d, instr: e304 done in 13 cycles
instr count: 9, instr addr: 000f, instr: 0104 done in 77 cycles
instr count: 10, instr addr: 0018, instr: 0148 done in 23 cycles
instr count: 11, instr addr: 001a, instr: 0021 done in 15 cycles
	reg 3 differs, found: 0000, expected: ffff
		at instr count: 11, instr addr: 001a, instr: 0021
	ram addr 000003ff differs, found: 0000, expected: 0019
		at instr count: 11, instr addr: 001a, instr: 0021
--------------------------------------------------------------------------------
Stopped at time : 126605 ns : File "E:/Facultate/An3/Sem 1/AC/Tema3/tema/build/bin/tester/tester.v" Line 365
